03:53:40 **** Build of configuration Default for project Blackmagic ****
make PROBE_HOST=f4discovery all 
  GIT     include/version.h
/bin/sh: 1: git: not found
diff: include/version.h: No such file or directory
  CC      target/adiv5.c
  CC      target/adiv5_swdp.c
  CC      command.c
  CC      target/cortexa.c
  CC      target/cortexm.c
  CC      crc32.c
  CC      target/efm32.c
  CC      exception.c
  CC      platforms/stm32/gdb_if.c
  CC      gdb_main.c
  CC      gdb_hostio.c
  CC      gdb_packet.c
  CC      hex_utils.c
  CC      target/lmi.c
  CC      target/lpc_common.c
  CC      target/lpc11xx.c
  CC      target/lpc15xx.c
  CC      target/lpc43xx.c
  CC      target/kinetis.c
  CC      main.c
  CC      morse.c
  CC      target/nrf51.c
  CC      platforms/f4discovery/platform.c
  CC      target/sam3x.c
  CC      target/sam4l.c
  CC      target/samd.c
  CC      target/stm32f1.c
  CC      target/stm32f4.c
  CC      target/stm32l0.c
  CC      target/stm32l4.c
  CC      platforms/common/swdptap.c
  CC      target/swdptap_generic.c
  CC      target/target.c
  CC      platforms/common/cdcacm.c
  CC      platforms/stm32/traceswo.c
  CC      platforms/stm32/usbuart.c
  CC      platforms/stm32/serialno.c
  CC      platforms/common/timing.c
  CC      platforms/stm32/timing_stm32.c
  CC      target/adiv5_jtagdp.c
  CC      target/jtag_scan.c
  CC      platforms/stm32/jtagtap.c
  CC      target/jtagtap_generic.c
  LD      blackmagic
  OBJCOPY blackmagic.bin
03:54:21 **** Clean-only build of configuration Default for project Blackmagic ****
make PROBE_HOST=f4discovery clean 
  CLEAN
06:01:30 **** Build of configuration Default for project TP2_Move_correction ****
make all 
> Compiling main.c
arm-none-eabi-gcc -c -mcpu=cortex-m4 -O0 -ggdb -fomit-frame-pointer -falign-functions=16 -ffunction-sections -fdata-sections -fno-common -Wall -Wextra -Wundef -Wstrict-prototypes -DSTM32F4 -DSTM32F407xx -mthumb -mno-thumb-interwork -MD -MP -I. -I../ST main.c -o main.o
> Compiling gpio.c
arm-none-eabi-gcc -c -mcpu=cortex-m4 -O0 -ggdb -fomit-frame-pointer -falign-functions=16 -ffunction-sections -fdata-sections -fno-common -Wall -Wextra -Wundef -Wstrict-prototypes -DSTM32F4 -DSTM32F407xx -mthumb -mno-thumb-interwork -MD -MP -I. -I../ST gpio.c -o gpio.o
> Compiling timer.c
arm-none-eabi-gcc -c -mcpu=cortex-m4 -O0 -ggdb -fomit-frame-pointer -falign-functions=16 -ffunction-sections -fdata-sections -fno-common -Wall -Wextra -Wundef -Wstrict-prototypes -DSTM32F4 -DSTM32F407xx -mthumb -mno-thumb-interwork -MD -MP -I. -I../ST timer.c -o timer.o
> Compiling motor.c
arm-none-eabi-gcc -c -mcpu=cortex-m4 -O0 -ggdb -fomit-frame-pointer -falign-functions=16 -ffunction-sections -fdata-sections -fno-common -Wall -Wextra -Wundef -Wstrict-prototypes -DSTM32F4 -DSTM32F407xx -mthumb -mno-thumb-interwork -MD -MP -I. -I../ST motor.c -o motor.o
> Compiling selector.c
arm-none-eabi-gcc -c -mcpu=cortex-m4 -O0 -ggdb -fomit-frame-pointer -falign-functions=16 -ffunction-sections -fdata-sections -fno-common -Wall -Wextra -Wundef -Wstrict-prototypes -DSTM32F4 -DSTM32F407xx -mthumb -mno-thumb-interwork -MD -MP -I. -I../ST selector.c -o selector.o
> Compiling system_clock_config.c
arm-none-eabi-gcc -c -mcpu=cortex-m4 -O0 -ggdb -fomit-frame-pointer -falign-functions=16 -ffunction-sections -fdata-sections -fno-common -Wall -Wextra -Wundef -Wstrict-prototypes -DSTM32F4 -DSTM32F407xx -mthumb -mno-thumb-interwork -MD -MP -I. -I../ST ../ST/system_clock_config.c -o ../ST/system_clock_config.o
> Compiling stm32f4xx_ll_rcc.c
arm-none-eabi-gcc -c -mcpu=cortex-m4 -O0 -ggdb -fomit-frame-pointer -falign-functions=16 -ffunction-sections -fdata-sections -fno-common -Wall -Wextra -Wundef -Wstrict-prototypes -DSTM32F4 -DSTM32F407xx -mthumb -mno-thumb-interwork -MD -MP -I. -I../ST ../ST/stm32f4xx_ll_rcc.c -o ../ST/stm32f4xx_ll_rcc.o
> Compiling system_stm32f4xx.c
arm-none-eabi-gcc -c -mcpu=cortex-m4 -O0 -ggdb -fomit-frame-pointer -falign-functions=16 -ffunction-sections -fdata-sections -fno-common -Wall -Wextra -Wundef -Wstrict-prototypes -DSTM32F4 -DSTM32F407xx -mthumb -mno-thumb-interwork -MD -MP -I. -I../ST ../ST/system_stm32f4xx.c -o ../ST/system_stm32f4xx.o
> Compiling startup_stm32f407xx.s
arm-none-eabi-gcc -x assembler-with-cpp -c -mcpu=cortex-m4 -mthumb -mno-thumb-interwork -I. -I../ST ../ST/startup_stm32f407xx.s -o ../ST/startup_stm32f407xx.o
> Linking move.elf
arm-none-eabi-gcc main.o gpio.o timer.o motor.o selector.o ../ST/system_clock_config.o ../ST/stm32f4xx_ll_rcc.o ../ST/system_stm32f4xx.o ../ST/startup_stm32f407xx.o  -mcpu=cortex-m4 -O0 -ggdb -fomit-frame-pointer -falign-functions=16 -ffunction-sections -fdata-sections -fno-common -nostartfiles  -mthumb -mno-thumb-interwork -Wl,--no-warn-mismatch,--gc-sections,--script=../ST/STM32F407VGTx_FLASH.ld  -o move.elf
> Creating move.list
arm-none-eabi-objdump -d move.elf > move.list
> Creating move.size
arm-none-eabi-nm --size-sort --print-size move.elf > move.size
> Creating move.mem
arm-none-eabi-nm --numeric-sort --print-size move.elf > move.mem
arm-none-eabi-size move.elf
   text	   data	    bss	    dec	    hex	filename
   5532	      4	   1556	   7092	   1bb4	move.elf
> Done
06:01:44 **** Incremental Build of configuration Default for project TP2_Move_correction ****
make all 
arm-none-eabi-size move.elf
   text	   data	    bss	    dec	    hex	filename
   5532	      4	   1556	   7092	   1bb4	move.elf
> Done
06:03:52 **** Incremental Build of configuration Default for project TP2_Move_correction ****
make all 
arm-none-eabi-size move.elf
   text	   data	    bss	    dec	    hex	filename
   5532	      4	   1556	   7092	   1bb4	move.elf
> Done
06:04:07 **** Incremental Build of configuration Default for project TP2_Move_correction ****
make all 
arm-none-eabi-size move.elf
   text	   data	    bss	    dec	    hex	filename
   5532	      4	   1556	   7092	   1bb4	move.elf
> Done
06:04:33 **** Incremental Build of configuration Default for project TP2_Move_correction ****
make all 
arm-none-eabi-size move.elf
   text	   data	    bss	    dec	    hex	filename
   5532	      4	   1556	   7092	   1bb4	move.elf
> Done
06:04:59 **** Incremental Build of configuration Default for project TP2_Move_correction ****
make all 
arm-none-eabi-size move.elf
   text	   data	    bss	    dec	    hex	filename
   5532	      4	   1556	   7092	   1bb4	move.elf
> Done
06:05:39 **** Clean-only build of configuration Default for project TP2_Move_correction ****
make clean 
> Cleaning
rm -f main.o gpio.o timer.o motor.o selector.o ../ST/system_clock_config.o ../ST/stm32f4xx_ll_rcc.o ../ST/system_stm32f4xx.o ../ST/startup_stm32f407xx.o
rm main.d gpio.d timer.d motor.d selector.d ../ST/system_clock_config.d ../ST/stm32f4xx_ll_rcc.d ../ST/system_stm32f4xx.d
rm -f move.elf move.list move.size move.mem
> Done
10:12:00 **** Build of configuration Default for project epuck1l ****
make all 
arm-none-eabi-ar rcs libssp.a
arm-none-eabi-ar rcs libssp_nonshared.a
Compiler Options
arm-none-eabi-gcc -c -mcpu=cortex-m4 -O2 -ggdb -fomit-frame-pointer -falign-functions=16 -fno-strict-aliasing -fstack-protector-all -L . -ffunction-sections -fdata-sections -fno-common -mfloat-abi=hard -mfpu=fpv4-sp-d16 -fsingle-precision-constant -Wall -Wextra -Wundef -Wstrict-prototypes -Wno-implicit-fallthrough -Wa,-alms=build/lst/ -DCORTEX_USE_FPU=TRUE -DSTDOUT_SD=SDU1 -DSTDIN_SD=SDU1 -DARM_MATH_CM4 -D__FPU_PRESENT -DTHUMB_PRESENT -mno-thumb-interwork -DTHUMB_NO_INTERWORKING -MD -MP -MF .dep/build.d -I. -I../e-puck2_main-processor/ChibiOS_ext/os/hal/include -I../e-puck2_main-processor/ChibiOS_ext/os/hal/ports/STM32/STM32F4xx -I../e-puck2_main-processor/src/epuck1x -I../e-puck2_main-processor/src/ -I../e-puck2_main-processor/ChibiOS//os/common/ports/ARMCMx/devices/STM32F4xx -I../e-puck2_main-processor/ChibiOS//os/ext/CMSIS/include -I../e-puck2_main-processor/ChibiOS//os/ext/CMSIS/ST -I../e-puck2_main-processor/ChibiOS//os/rt/include -I../e-puck2_main-processor/ChibiOS//os/rt/ports/ARMCMx -I../e-puck2_main-processor/ChibiOS//os/rt/ports/ARMCMx/compilers/GCC -I../e-puck2_main-processor/ChibiOS//os/hal/osal/rt -I../e-puck2_main-processor/ChibiOS//os/hal/include -I../e-puck2_main-processor/ChibiOS//os/hal/ports/common/ARMCMx -I../e-puck2_main-processor/ChibiOS//os/hal/ports/STM32/STM32F4xx -I../e-puck2_main-processor/ChibiOS//os/hal/ports/STM32/LLD -I../e-puck2_main-processor/ChibiOS//os/hal/ports/STM32/LLD/DACv1 -I../e-puck2_main-processor/ChibiOS//os/hal/ports/STM32/LLD/GPIOv2 -I../e-puck2_main-processor/ChibiOS//os/hal/ports/STM32/LLD/I2Cv1 -I../e-puck2_main-processor/ChibiOS//os/hal/ports/STM32/LLD/OTGv1 -I../e-puck2_main-processor/ChibiOS//os/hal/ports/STM32/LLD/RTCv2 -I../e-puck2_main-processor/ChibiOS//os/hal/ports/STM32/LLD/SPIv1 -I../e-puck2_main-processor/ChibiOS//os/hal/ports/STM32/LLD/TIMv1 -I../e-puck2_main-processor/ChibiOS//os/hal/ports/STM32/LLD/USARTv1 -I../e-puck2_main-processor/ChibiOS//os/hal/ports/STM32/LLD/FSMCv1 -I../e-puck2_main-processor/ChibiOS_ext//os/hal/boards/epuck2 -I../e-puck2_main-processor/ChibiOS//test/rt -I../e-puck2_main-processor/ChibiOS//os/various -I../e-puck2_main-processor/ChibiOS//os/hal/lib/streams -I../e-puck2_main-processor/aseba -I../e-puck2_main-processor/ChibiOS_ext//ext/fatfs/src -I../e-puck2_main-processor/src main.c -o main.o

[1;34mCompiling crt0_v7m.s[0m
[1;34mCompiling chcoreasm_v7m.s[0m
[1;34mCompiling main.c[0m
[1;34mCompiling spi3_slave_lld.c[0m
[1;34mCompiling dcmi_lld.c[0m
[1;34mCompiling dcmi.c[0m
[1;34mCompiling spi3_slave.c[0m
[1;34mCompiling audio_thread.c[0m
[1;34mCompiling microphone.c[0m
[1;34mCompiling mp45dt02_processing.c[0m
[1;34mCompiling play_melody.c[0m
[1;34mCompiling button.c[0m
[1;34mCompiling camera.c[0m
[1;34mCompiling dcmi_camera.c[0m
[1;34mCompiling ov2640.c[0m
[1;34mCompiling ov7670.c[0m
[1;34mCompiling po6030.c[0m
[1;34mCompiling po8030.c[0m
[1;34mCompiling cmd.c[0m
[1;34mCompiling Asercom.c[0m
[1;34mCompiling Asercom2.c[0m
[1;34mCompiling DataEEPROM.c[0m
[1;34mCompiling e_I2C_protocol.c[0m
[1;34mCompiling e_acc.c[0m
[1;34mCompiling e_ad_conv.c[0m
[1;34mCompiling e_micro.c[0m
[1;34mCompiling e_prox.c[0m
[1;34mCompiling e_lsm330.c[0m
[1;34mCompiling e_common.c[0m
[1;34mCompiling e_sound.c[0m
[1;34mCompiling e_agenda.c[0m
[1;34mCompiling e_led.c[0m
[1;34mCompiling e_motors.c[0m
[1;34mCompiling e_remote_control.c[0m
[1;34mCompiling e_init_port.c[0m
[1;34mCompiling e_uart_char.c[0m
[1;34mCompiling utility.c[0m
[1;34mCompiling exti.c[0m
[1;34mCompiling flash.c[0m
[1;34mCompiling i2c_bus.c[0m
[1;34mCompiling ir_remote.c[0m
[1;34mCompiling leds.c[0m
[1;34mCompiling memory_protection.c[0m
[1;34mCompiling motors.c[0m
[1;34mCompiling panic.c[0m
[1;34mCompiling selector.c[0m
[1;34mCompiling battery_level.c[0m
[1;34mCompiling ground.c[0m
[1;34mCompiling imu.c[0m
[1;34mCompiling mpu9250.c[0m
[1;34mCompiling proximity.c[0m
[1;34mCompiling serial_comm.c[0m
[1;34mCompiling spi_comm.c[0m
[1;34mCompiling sdio.c[0m
[1;34mCompiling usbcfg.c[0m
[1;34mCompiling uc_usage.c[0m
[1;34mCompiling malloc_lock.c[0m
[1;34mCompiling newlib_syscalls.c[0m
[1;34mCompiling port.c[0m
[1;34mCompiling communication.c[0m
[1;34mCompiling config_flash_storage.c[0m
[1;34mCompiling vl53l0x_api.c[0m
[1;34mCompiling vl53l0x_api_calibration.c[0m
[1;34mCompiling vl53l0x_api_core.c[0m
[1;34mCompiling vl53l0x_api_ranging.c[0m
[1;34mCompiling vl53l0x_api_strings.c[0m
[1;34mCompiling vl53l0x_i2c_platform.c[0m
[1;34mCompiling vl53l0x_platform.c[0m
[1;34mCompiling VL53L0X.c[0m
[1;34mCompiling serial_datagram.c[0m
[1;34mCompiling cmp.c[0m
[1;34mCompiling cmp_mem_access.c[0m
[1;34mCompiling crc16.c[0m
[1;34mCompiling crc32.c[0m
[1;34mCompiling messagebus.c[0m
[1;34mCompiling parameter.c[0m
[1;34mCompiling parameter_msgpack.c[0m
[1;34mCompiling parameter_print.c[0m
[1;34mCompiling fat.c[0m
[1;34mCompiling play_sound_file.c[0m
[1;34mCompiling behaviors.c[0m
[1;34mCompiling ircom.c[0m
[1;34mCompiling ircomReceive.c[0m
[1;34mCompiling ircomTools.c[0m
[1;34mCompiling ircomMessages.c[0m
[1;34mCompiling ircomSend.c[0m
[1;34mCompiling transceiver.c[0m
[1;34mCompiling crt1.c[0m
[1;34mCompiling vectors.c[0m
[1;34mCompiling chsys.c[0m
[1;34mCompiling chdebug.c[0m
[1;34mCompiling chvt.c[0m
[1;34mCompiling chschd.c[0m
[1;34mCompiling chthreads.c[0m
[1;34mCompiling chtm.c[0m
[1;34mCompiling chstats.c[0m
[1;34mCompiling chdynamic.c[0m
[1;34mCompiling chregistry.c[0m
[1;34mCompiling chsem.c[0m
[1;34mCompiling chmtx.c[0m
[1;34mCompiling chcond.c[0m
[1;34mCompiling chevents.c[0m
[1;34mCompiling chmsg.c[0m
[1;34mCompiling chmboxes.c[0m
[1;34mCompiling chqueues.c[0m
[1;34mCompiling chmemcore.c[0m
[1;34mCompiling chheap.c[0m
[1;34mCompiling chmempools.c[0m
[1;34mCompiling chcore.c[0m
[1;34mCompiling chcore_v7m.c[0m
[1;34mCompiling osal.c[0m
[1;34mCompiling hal.c[0m
[1;34mCompiling hal_queues.c[0m
[1;34mCompiling hal_mmcsd.c[0m
[1;34mCompiling adc.c[0m
[1;34mCompiling can.c[0m
[1;34mCompiling dac.c[0m
[1;34mCompiling ext.c[0m
[1;34mCompiling gpt.c[0m
[1;34mCompiling i2c.c[0m
[1;34mCompiling i2s.c[0m
[1;34mCompiling icu.c[0m
[1;34mCompiling mac.c[0m
[1;34mCompiling mmc_spi.c[0m
[1;34mCompiling pal.c[0m
[1;34mCompiling pwm.c[0m
[1;34mCompiling rtc.c[0m
[1;34mCompiling sdc.c[0m
[1;34mCompiling serial.c[0m
[1;34mCompiling serial_usb.c[0m
[1;34mCompiling spi.c[0m
[1;34mCompiling st.c[0m
[1;34mCompiling uart.c[0m
[1;34mCompiling usb.c[0m
[1;34mCompiling nvic.c[0m
[1;34mCompiling stm32_dma.c[0m
[1;34mCompiling hal_lld.c[0m
[1;34mCompiling adc_lld.c[0m
[1;34mCompiling ext_lld_isr.c[0m
[1;34mCompiling can_lld.c[0m
[1;34mCompiling ext_lld.c[0m
[1;34mCompiling mac_lld.c[0m
[1;34mCompiling sdc_lld.c[0m
[1;34mCompiling dac_lld.c[0m
[1;34mCompiling pal_lld.c[0m
[1;34mCompiling i2c_lld.c[0m
[1;34mCompiling usb_lld.c[0m
[1;34mCompiling rtc_lld.c[0m
[1;34mCompiling i2s_lld.c[0m
[1;34mCompiling spi_lld.c[0m
[1;34mCompiling gpt_lld.c[0m
[1;34mCompiling icu_lld.c[0m
[1;34mCompiling pwm_lld.c[0m
[1;34mCompiling st_lld.c[0m
[1;34mCompiling serial_lld.c[0m
[1;34mCompiling uart_lld.c[0m
[1;34mCompiling board.c[0m
[1;34mCompiling test.c[0m
[1;34mCompiling testthd.c[0m
[1;34mCompiling testsem.c[0m
[1;34mCompiling testmtx.c[0m
[1;34mCompiling testmsg.c[0m
[1;34mCompiling testmbox.c[0m
[1;34mCompiling testevt.c[0m
[1;34mCompiling testheap.c[0m
[1;34mCompiling testpools.c[0m
[1;34mCompiling testdyn.c[0m
[1;34mCompiling testqueues.c[0m
[1;34mCompiling testsys.c[0m
[1;34mCompiling testbmk.c[0m
[1;34mCompiling shell.c[0m
[1;34mCompiling memstreams.c[0m
[1;34mCompiling chprintf.c[0m
[1;34mCompiling fatfs_diskio.c[0m
[1;34mCompiling fatfs_syscall.c[0m
[1;34mCompiling ff.c[0m
[1;34mCompiling unicode.c[0m
[1;34mCompiling vm-buffer.c[0m
[1;34mCompiling can-buffer.c[0m
[1;34mCompiling can-net.c[0m
[1;34mCompiling natives.c[0m
[1;34mCompiling vm.c[0m
[1;34mCompiling aseba_can_interface.c[0m
[1;34mCompiling aseba_node.c[0m
[1;34mCompiling skel_user.c[0m
[1;34mCompiling aseba_bridge.c[0m
[1;34mLinking build/Project_template.elf[0m
[1;34mCreating build/Project_template.hex[0m
[1;34mCreating build/Project_template.bin[0m
[1;34mCreating build/Project_template.dmp[0m

   text	   data	    bss	    dec	    hex	filename
  47908	   2948	   6236	  57092	   df04	build/Project_template.elf
[1;34mCreating build/Project_template.list[0m

[1;34mDone[0m
10:13:27 **** Incremental Build of configuration Default for project epuck1l ****
make all 
make: Nothing to be done for 'all'.
10:13:50 **** Incremental Build of configuration Default for project epuck1l ****
make all 
make: Nothing to be done for 'all'.
10:14:09 **** Incremental Build of configuration Default for project epuck1l ****
make all 
make: Nothing to be done for 'all'.
10:14:14 **** Incremental Build of configuration Default for project epuck1l ****
make all 
make: Nothing to be done for 'all'.
10:14:51 **** Incremental Build of configuration Default for project epuck1l ****
make all 
[1;34mCompiling main.c[0m
main.c:29:8: warning: function declaration isn't a prototype [-Wstrict-prototypes]
 bool * get_sensors_condition()
        ^~~~~~~~~~~~~~~~~~~~~
[1;34mLinking build/Project_template.elf[0m
[1;34mCreating build/Project_template.hex[0m
[1;34mCreating build/Project_template.bin[0m
[1;34mCreating build/Project_template.dmp[0m

   text	   data	    bss	    dec	    hex	filename
  64996	   3036	   7856	  75888	  12870	build/Project_template.elf
[1;34mCreating build/Project_template.list[0m

[1;34mDone[0m
10:15:12 **** Incremental Build of configuration Default for project epuck1l ****
make all 
[1;34mCompiling main.c[0m
[1;34mLinking build/Project_template.elf[0m
[1;34mCreating build/Project_template.hex[0m
[1;34mCreating build/Project_template.bin[0m
[1;34mCreating build/Project_template.dmp[0m

   text	   data	    bss	    dec	    hex	filename
  64996	   3036	   7856	  75888	  12870	build/Project_template.elf
[1;34mCreating build/Project_template.list[0m

[1;34mDone[0m
10:15:30 **** Incremental Build of configuration Default for project epuck1l ****
make all 
[1;34mCompiling main.c[0m
[1;34mLinking build/Project_template.elf[0m
[1;34mCreating build/Project_template.hex[0m
[1;34mCreating build/Project_template.bin[0m
[1;34mCreating build/Project_template.dmp[0m

   text	   data	    bss	    dec	    hex	filename
  64996	   3036	   7856	  75888	  12870	build/Project_template.elf
[1;34mCreating build/Project_template.list[0m

[1;34mDone[0m
10:15:45 **** Incremental Build of configuration Default for project epuck1l ****
make all 
make: Nothing to be done for 'all'.
10:16:08 **** Incremental Build of configuration Default for project epuck1l ****
make all 
make: Nothing to be done for 'all'.
10:16:51 **** Incremental Build of configuration Default for project epuck1l ****
make all 
make: Nothing to be done for 'all'.
10:17:51 **** Incremental Build of configuration Default for project epuck1l ****
make all 
[1;34mCompiling main.c[0m
[1;34mLinking build/Project_template.elf[0m
[1;34mCreating build/Project_template.hex[0m
[1;34mCreating build/Project_template.bin[0m
[1;34mCreating build/Project_template.dmp[0m

   text	   data	    bss	    dec	    hex	filename
  64836	   3036	   7856	  75728	  127d0	build/Project_template.elf
[1;34mCreating build/Project_template.list[0m

[1;34mDone[0m
10:18:08 **** Incremental Build of configuration Default for project epuck1l ****
make all 
make: Nothing to be done for 'all'.
10:21:17 **** Incremental Build of configuration Default for project epuck1l ****
make all 
[1;34mCompiling main.c[0m
main.c: In function 'main':
main.c:96:21: error: 'deg' undeclared (first use in this function)
       int dur = abs(deg)/ANG_SPEED_DEG;
                     ^~~
main.c:96:21: note: each undeclared identifier is reported only once for each function it appears in
make: *** [../e-puck2_main-processor/ChibiOS//os/common/ports/ARMCMx/compilers/GCC/rules.mk:217: build/obj/main.o] Error 1
"make all" terminated with exit code 2. Build might be incomplete.
10:21:35 **** Incremental Build of configuration Default for project epuck1l ****
make all 
[1;34mCompiling main.c[0m
[1;34mLinking build/Project_template.elf[0m
[1;34mCreating build/Project_template.hex[0m
[1;34mCreating build/Project_template.bin[0m
[1;34mCreating build/Project_template.dmp[0m

   text	   data	    bss	    dec	    hex	filename
  64852	   3036	   7856	  75744	  127e0	build/Project_template.elf
[1;34mCreating build/Project_template.list[0m

[1;34mDone[0m
10:21:49 **** Incremental Build of configuration Default for project epuck1l ****
make all 
make: Nothing to be done for 'all'.
10:21:58 **** Incremental Build of configuration Default for project epuck1l ****
make all 
make: Nothing to be done for 'all'.
10:22:14 **** Incremental Build of configuration Default for project epuck1l ****
make all 
make: Nothing to be done for 'all'.
10:22:26 **** Incremental Build of configuration Default for project epuck1l ****
make all 
make: Nothing to be done for 'all'.
10:22:34 **** Incremental Build of configuration Default for project epuck1l ****
make all 
make: Nothing to be done for 'all'.
10:23:26 **** Incremental Build of configuration Default for project epuck1l ****
make all 
[1;34mCompiling main.c[0m
[1;34mLinking build/Project_template.elf[0m
[1;34mCreating build/Project_template.hex[0m
[1;34mCreating build/Project_template.bin[0m
[1;34mCreating build/Project_template.dmp[0m

   text	   data	    bss	    dec	    hex	filename
  64836	   3036	   7856	  75728	  127d0	build/Project_template.elf
[1;34mCreating build/Project_template.list[0m

[1;34mDone[0m
10:23:42 **** Incremental Build of configuration Default for project epuck1l ****
make all 
make: Nothing to be done for 'all'.
10:24:11 **** Incremental Build of configuration Default for project epuck1l ****
make all 
make: Nothing to be done for 'all'.
10:25:58 **** Incremental Build of configuration Default for project epuck1l ****
make all 
[1;34mCompiling main.c[0m
main.c: In function 'main':
main.c:109:10: warning: unused variable 'sen0' [-Wunused-variable]
      int sen0 = get_prox(0);
          ^~~~
[1;34mLinking build/Project_template.elf[0m
[1;34mCreating build/Project_template.hex[0m
[1;34mCreating build/Project_template.bin[0m
[1;34mCreating build/Project_template.dmp[0m

   text	   data	    bss	    dec	    hex	filename
  55700	   3036	   7220	  65956	  101a4	build/Project_template.elf
[1;34mCreating build/Project_template.list[0m

[1;34mDone[0m
10:26:27 **** Incremental Build of configuration Default for project epuck1l ****
make all 
[1;34mCompiling main.c[0m
[1;34mLinking build/Project_template.elf[0m
[1;34mCreating build/Project_template.hex[0m
[1;34mCreating build/Project_template.bin[0m
[1;34mCreating build/Project_template.dmp[0m

   text	   data	    bss	    dec	    hex	filename
  55700	   3036	   7220	  65956	  101a4	build/Project_template.elf
[1;34mCreating build/Project_template.list[0m

[1;34mDone[0m
10:27:04 **** Incremental Build of configuration Default for project epuck1l ****
make all 
[1;34mCompiling main.c[0m
main.c:100:1: error: expected identifier or '(' before '}' token
 }
 ^
make: *** [../e-puck2_main-processor/ChibiOS//os/common/ports/ARMCMx/compilers/GCC/rules.mk:217: build/obj/main.o] Error 1
"make all" terminated with exit code 2. Build might be incomplete.
10:27:20 **** Incremental Build of configuration Default for project epuck1l ****
make all 
[1;34mCompiling main.c[0m
[1;34mLinking build/Project_template.elf[0m
[1;34mCreating build/Project_template.hex[0m
[1;34mCreating build/Project_template.bin[0m
[1;34mCreating build/Project_template.dmp[0m

   text	   data	    bss	    dec	    hex	filename
  55700	   3036	   7220	  65956	  101a4	build/Project_template.elf
[1;34mCreating build/Project_template.list[0m

[1;34mDone[0m
10:27:48 **** Incremental Build of configuration Default for project epuck1l ****
make all 
make: Nothing to be done for 'all'.
10:28:45 **** Incremental Build of configuration Default for project epuck1l ****
make all 
[1;34mCompiling main.c[0m
main.c: In function 'main':
main.c:37:5: error: too few arguments to function 'proximity_start'
     proximity_start();//proximity
     ^~~~~~~~~~~~~~~
In file included from main.c:13:0:
../e-puck2_main-processor/src/sensors/proximity.h:36:6: note: declared here
 void proximity_start(uint8_t mode);
      ^~~~~~~~~~~~~~~
make: *** [../e-puck2_main-processor/ChibiOS//os/common/ports/ARMCMx/compilers/GCC/rules.mk:217: build/obj/main.o] Error 1
"make all" terminated with exit code 2. Build might be incomplete.
10:29:05 **** Incremental Build of configuration Default for project epuck1l ****
make all 
[1;34mCompiling main.c[0m
[1;34mLinking build/Project_template.elf[0m
[1;34mCreating build/Project_template.hex[0m
[1;34mCreating build/Project_template.bin[0m
[1;34mCreating build/Project_template.dmp[0m

   text	   data	    bss	    dec	    hex	filename
  62564	   3068	  16868	  82500	  14244	build/Project_template.elf
[1;34mCreating build/Project_template.list[0m

[1;34mDone[0m
10:32:35 **** Incremental Build of configuration Default for project epuck1l ****
make all 
[1;34mCompiling main.c[0m
main.c:29:8: warning: function declaration isn't a prototype [-Wstrict-prototypes]
 bool * get_sensors_condition()
        ^~~~~~~~~~~~~~~~~~~~~
[1;34mLinking build/Project_template.elf[0m
[1;34mCreating build/Project_template.hex[0m
[1;34mCreating build/Project_template.bin[0m
[1;34mCreating build/Project_template.dmp[0m

   text	   data	    bss	    dec	    hex	filename
  64852	   3036	   7856	  75744	  127e0	build/Project_template.elf
[1;34mCreating build/Project_template.list[0m

[1;34mDone[0m
10:32:48 **** Incremental Build of configuration Default for project epuck1l ****
make all 
make: Nothing to be done for 'all'.
10:32:55 **** Incremental Build of configuration Default for project epuck1l ****
make all 
make: Nothing to be done for 'all'.
10:33:59 **** Incremental Build of configuration Default for project epuck1l ****
make all 
[1;34mCompiling main.c[0m
main.c:29:8: warning: function declaration isn't a prototype [-Wstrict-prototypes]
 bool * get_sensors_condition()
        ^~~~~~~~~~~~~~~~~~~~~
[1;34mLinking build/Project_template.elf[0m
[1;34mCreating build/Project_template.hex[0m
[1;34mCreating build/Project_template.bin[0m
[1;34mCreating build/Project_template.dmp[0m

   text	   data	    bss	    dec	    hex	filename
  64852	   3036	   7856	  75744	  127e0	build/Project_template.elf
[1;34mCreating build/Project_template.list[0m

[1;34mDone[0m
10:34:51 **** Incremental Build of configuration Default for project epuck1l ****
make all 
make: Nothing to be done for 'all'.
10:35:33 **** Incremental Build of configuration Default for project epuck1l ****
make all 
make: Nothing to be done for 'all'.
10:35:43 **** Incremental Build of configuration Default for project epuck1l ****
make all 
make: Nothing to be done for 'all'.
10:36:24 **** Incremental Build of configuration Default for project epuck1l ****
make all 
make: Nothing to be done for 'all'.
10:37:26 **** Incremental Build of configuration Default for project epuck1l ****
make all 
[1;34mCompiling main.c[0m
main.c:29:8: warning: function declaration isn't a prototype [-Wstrict-prototypes]
 bool * get_sensors_condition()
        ^~~~~~~~~~~~~~~~~~~~~
[1;34mLinking build/Project_template.elf[0m
[1;34mCreating build/Project_template.hex[0m
[1;34mCreating build/Project_template.bin[0m
[1;34mCreating build/Project_template.dmp[0m

   text	   data	    bss	    dec	    hex	filename
  64852	   3036	   7856	  75744	  127e0	build/Project_template.elf
[1;34mCreating build/Project_template.list[0m

[1;34mDone[0m
10:38:34 **** Incremental Build of configuration Default for project epuck1l ****
make all 
[1;34mCompiling main.c[0m
main.c:29:8: warning: function declaration isn't a prototype [-Wstrict-prototypes]
 bool * get_sensors_condition()
        ^~~~~~~~~~~~~~~~~~~~~
[1;34mLinking build/Project_template.elf[0m
[1;34mCreating build/Project_template.hex[0m
[1;34mCreating build/Project_template.bin[0m
[1;34mCreating build/Project_template.dmp[0m

   text	   data	    bss	    dec	    hex	filename
  64852	   3036	   7856	  75744	  127e0	build/Project_template.elf
[1;34mCreating build/Project_template.list[0m

[1;34mDone[0m
10:38:57 **** Incremental Build of configuration Default for project epuck1l ****
make all 
[1;34mCompiling main.c[0m
main.c:29:8: warning: function declaration isn't a prototype [-Wstrict-prototypes]
 bool * get_sensors_condition()
        ^~~~~~~~~~~~~~~~~~~~~
[1;34mLinking build/Project_template.elf[0m
[1;34mCreating build/Project_template.hex[0m
[1;34mCreating build/Project_template.bin[0m
[1;34mCreating build/Project_template.dmp[0m

   text	   data	    bss	    dec	    hex	filename
  64852	   3036	   7856	  75744	  127e0	build/Project_template.elf
[1;34mCreating build/Project_template.list[0m

[1;34mDone[0m
10:40:46 **** Incremental Build of configuration Default for project epuck1l ****
make all 
[1;34mCompiling main.c[0m
main.c:29:8: warning: function declaration isn't a prototype [-Wstrict-prototypes]
 bool * get_sensors_condition()
        ^~~~~~~~~~~~~~~~~~~~~
[1;34mLinking build/Project_template.elf[0m
[1;34mCreating build/Project_template.hex[0m
[1;34mCreating build/Project_template.bin[0m
[1;34mCreating build/Project_template.dmp[0m

   text	   data	    bss	    dec	    hex	filename
  64852	   3036	   7856	  75744	  127e0	build/Project_template.elf
[1;34mCreating build/Project_template.list[0m

[1;34mDone[0m
10:40:54 **** Incremental Build of configuration Default for project epuck1l ****
make all 
make: Nothing to be done for 'all'.
10:42:22 **** Incremental Build of configuration Default for project epuck1l ****
make all 
[1;34mCompiling main.c[0m
main.c:29:8: warning: function declaration isn't a prototype [-Wstrict-prototypes]
 bool * get_sensors_condition()
        ^~~~~~~~~~~~~~~~~~~~~
[1;34mLinking build/Project_template.elf[0m
[1;34mCreating build/Project_template.hex[0m
[1;34mCreating build/Project_template.bin[0m
[1;34mCreating build/Project_template.dmp[0m

   text	   data	    bss	    dec	    hex	filename
  64852	   3036	   7856	  75744	  127e0	build/Project_template.elf
[1;34mCreating build/Project_template.list[0m

[1;34mDone[0m
10:42:34 **** Incremental Build of configuration Default for project epuck1l ****
make all 
[1;34mCompiling main.c[0m
[1;34mLinking build/Project_template.elf[0m
[1;34mCreating build/Project_template.hex[0m
[1;34mCreating build/Project_template.bin[0m
[1;34mCreating build/Project_template.dmp[0m

   text	   data	    bss	    dec	    hex	filename
  64852	   3036	   7856	  75744	  127e0	build/Project_template.elf
[1;34mCreating build/Project_template.list[0m

[1;34mDone[0m
10:43:54 **** Incremental Build of configuration Default for project epuck1l ****
make all 
[1;34mCompiling main.c[0m
[1;34mLinking build/Project_template.elf[0m
[1;34mCreating build/Project_template.hex[0m
[1;34mCreating build/Project_template.bin[0m
[1;34mCreating build/Project_template.dmp[0m

   text	   data	    bss	    dec	    hex	filename
  55700	   3036	   7220	  65956	  101a4	build/Project_template.elf
[1;34mCreating build/Project_template.list[0m

[1;34mDone[0m
10:43:58 **** Incremental Build of configuration Default for project epuck1l ****
make all 
make: Nothing to be done for 'all'.
10:45:39 **** Incremental Build of configuration Default for project epuck1l ****
make all 
[1;34mCompiling main.c[0m
[1;34mLinking build/Project_template.elf[0m
[1;34mCreating build/Project_template.hex[0m
[1;34mCreating build/Project_template.bin[0m
[1;34mCreating build/Project_template.dmp[0m

   text	   data	    bss	    dec	    hex	filename
  55700	   3036	   7220	  65956	  101a4	build/Project_template.elf
[1;34mCreating build/Project_template.list[0m

[1;34mDone[0m
10:45:43 **** Incremental Build of configuration Default for project epuck1l ****
make all 
make: Nothing to be done for 'all'.
10:48:09 **** Incremental Build of configuration Default for project epuck1l ****
make all 
[1;34mCompiling main.c[0m
In file included from ../e-puck2_main-processor/ChibiOS//os/rt/include/ch.h:80:0,
                 from main.c:6:
main.c: In function 'main':
main.c:97:27: error: 'durtion' undeclared (first use in this function); did you mean 'duration'?
    chThdSleepMilliseconds(durtion);
                           ^
../e-puck2_main-processor/ChibiOS//os/rt/include/chvt.h:121:30: note: in definition of macro 'MS2ST'
   ((systime_t)(((((uint32_t)(msec)) *                                       \
                              ^~~~
main.c:97:4: note: in expansion of macro 'chThdSleepMilliseconds'
    chThdSleepMilliseconds(durtion);
    ^~~~~~~~~~~~~~~~~~~~~~
main.c:97:27: note: each undeclared identifier is reported only once for each function it appears in
    chThdSleepMilliseconds(durtion);
                           ^
../e-puck2_main-processor/ChibiOS//os/rt/include/chvt.h:121:30: note: in definition of macro 'MS2ST'
   ((systime_t)(((((uint32_t)(msec)) *                                       \
                              ^~~~
main.c:97:4: note: in expansion of macro 'chThdSleepMilliseconds'
    chThdSleepMilliseconds(durtion);
    ^~~~~~~~~~~~~~~~~~~~~~
main.c:96:10: warning: unused variable 'duration' [-Wunused-variable]
    float duration = abs(180/283.588111888)*1000;
          ^~~~~~~~
make: *** [../e-puck2_main-processor/ChibiOS//os/common/ports/ARMCMx/compilers/GCC/rules.mk:217: build/obj/main.o] Error 1
"make all" terminated with exit code 2. Build might be incomplete.
10:48:28 **** Incremental Build of configuration Default for project epuck1l ****
make all 
[1;34mCompiling main.c[0m
[1;34mLinking build/Project_template.elf[0m
[1;34mCreating build/Project_template.hex[0m
[1;34mCreating build/Project_template.bin[0m
[1;34mCreating build/Project_template.dmp[0m

   text	   data	    bss	    dec	    hex	filename
  55700	   3036	   7220	  65956	  101a4	build/Project_template.elf
[1;34mCreating build/Project_template.list[0m

[1;34mDone[0m
10:48:32 **** Incremental Build of configuration Default for project epuck1l ****
make all 
make: Nothing to be done for 'all'.
10:50:26 **** Incremental Build of configuration Default for project epuck1l ****
make all 
[1;34mCompiling main.c[0m
[1;34mLinking build/Project_template.elf[0m
[1;34mCreating build/Project_template.hex[0m
[1;34mCreating build/Project_template.bin[0m
[1;34mCreating build/Project_template.dmp[0m

   text	   data	    bss	    dec	    hex	filename
  55700	   3036	   7220	  65956	  101a4	build/Project_template.elf
[1;34mCreating build/Project_template.list[0m

[1;34mDone[0m
10:50:29 **** Incremental Build of configuration Default for project epuck1l ****
make all 
make: Nothing to be done for 'all'.
10:51:37 **** Incremental Build of configuration Default for project epuck1l ****
make all 
[1;34mCompiling main.c[0m
[1;34mLinking build/Project_template.elf[0m
[1;34mCreating build/Project_template.hex[0m
[1;34mCreating build/Project_template.bin[0m
[1;34mCreating build/Project_template.dmp[0m

   text	   data	    bss	    dec	    hex	filename
  55700	   3036	   7220	  65956	  101a4	build/Project_template.elf
[1;34mCreating build/Project_template.list[0m

[1;34mDone[0m
10:51:41 **** Incremental Build of configuration Default for project epuck1l ****
make all 
make: Nothing to be done for 'all'.
10:56:38 **** Incremental Build of configuration Default for project epuck1l ****
make all 
[1;34mCompiling main.c[0m
[1;34mLinking build/Project_template.elf[0m
[1;34mCreating build/Project_template.hex[0m
[1;34mCreating build/Project_template.bin[0m
[1;34mCreating build/Project_template.dmp[0m

   text	   data	    bss	    dec	    hex	filename
  55700	   3036	   7220	  65956	  101a4	build/Project_template.elf
[1;34mCreating build/Project_template.list[0m

[1;34mDone[0m
10:56:44 **** Incremental Build of configuration Default for project epuck1l ****
make all 
make: Nothing to be done for 'all'.
10:58:04 **** Incremental Build of configuration Default for project epuck1l ****
make all 
[1;34mCompiling main.c[0m
[1;34mLinking build/Project_template.elf[0m
[1;34mCreating build/Project_template.hex[0m
[1;34mCreating build/Project_template.bin[0m
[1;34mCreating build/Project_template.dmp[0m

   text	   data	    bss	    dec	    hex	filename
  55700	   3036	   7220	  65956	  101a4	build/Project_template.elf
[1;34mCreating build/Project_template.list[0m

[1;34mDone[0m
10:58:07 **** Incremental Build of configuration Default for project epuck1l ****
make all 
make: Nothing to be done for 'all'.
11:00:01 **** Incremental Build of configuration Default for project epuck1l ****
make all 
[1;34mCompiling main.c[0m
[1;34mLinking build/Project_template.elf[0m
[1;34mCreating build/Project_template.hex[0m
[1;34mCreating build/Project_template.bin[0m
[1;34mCreating build/Project_template.dmp[0m

   text	   data	    bss	    dec	    hex	filename
  55700	   3036	   7220	  65956	  101a4	build/Project_template.elf
[1;34mCreating build/Project_template.list[0m

[1;34mDone[0m
11:00:05 **** Incremental Build of configuration Default for project epuck1l ****
make all 
make: Nothing to be done for 'all'.
11:00:43 **** Incremental Build of configuration Default for project epuck1l ****
make all 
[1;34mCompiling main.c[0m
[1;34mLinking build/Project_template.elf[0m
[1;34mCreating build/Project_template.hex[0m
[1;34mCreating build/Project_template.bin[0m
[1;34mCreating build/Project_template.dmp[0m

   text	   data	    bss	    dec	    hex	filename
  55700	   3036	   7220	  65956	  101a4	build/Project_template.elf
[1;34mCreating build/Project_template.list[0m

[1;34mDone[0m
11:00:47 **** Incremental Build of configuration Default for project epuck1l ****
make all 
make: Nothing to be done for 'all'.
11:01:42 **** Incremental Build of configuration Default for project epuck1l ****
make all 
[1;34mCompiling main.c[0m
[1;34mLinking build/Project_template.elf[0m
[1;34mCreating build/Project_template.hex[0m
[1;34mCreating build/Project_template.bin[0m
[1;34mCreating build/Project_template.dmp[0m

   text	   data	    bss	    dec	    hex	filename
  55716	   3036	   7220	  65972	  101b4	build/Project_template.elf
[1;34mCreating build/Project_template.list[0m

[1;34mDone[0m
11:01:45 **** Incremental Build of configuration Default for project epuck1l ****
make all 
make: Nothing to be done for 'all'.
11:02:59 **** Incremental Build of configuration Default for project epuck1l ****
make all 
[1;34mCompiling main.c[0m
[1;34mLinking build/Project_template.elf[0m
[1;34mCreating build/Project_template.hex[0m
[1;34mCreating build/Project_template.bin[0m
[1;34mCreating build/Project_template.dmp[0m

   text	   data	    bss	    dec	    hex	filename
  55716	   3036	   7220	  65972	  101b4	build/Project_template.elf
[1;34mCreating build/Project_template.list[0m

[1;34mDone[0m
11:03:01 **** Incremental Build of configuration Default for project epuck1l ****
make all 
make: Nothing to be done for 'all'.
11:05:25 **** Incremental Build of configuration Default for project epuck1l ****
make all 
[1;34mCompiling main.c[0m
[1;34mLinking build/Project_template.elf[0m
[1;34mCreating build/Project_template.hex[0m
[1;34mCreating build/Project_template.bin[0m
[1;34mCreating build/Project_template.dmp[0m

   text	   data	    bss	    dec	    hex	filename
  55716	   3036	   7220	  65972	  101b4	build/Project_template.elf
[1;34mCreating build/Project_template.list[0m

[1;34mDone[0m
11:05:28 **** Incremental Build of configuration Default for project epuck1l ****
make all 
make: Nothing to be done for 'all'.
11:11:22 **** Incremental Build of configuration Default for project epuck1l ****
make all 
[1;34mCompiling main.c[0m
main.c: In function 'main':
main.c:100:6: error: too many arguments to function 'set_led'
      set_led(LED4, 10,0,0);
      ^~~~~~~
In file included from main.c:17:0:
../e-puck2_main-processor/src/leds.h:48:6: note: declared here
 void set_led(led_name_t led_number, unsigned int value);
      ^~~~~~~
main.c:101:6: error: too many arguments to function 'set_led'
      set_led(LED6, 10,0,0);
      ^~~~~~~
In file included from main.c:17:0:
../e-puck2_main-processor/src/leds.h:48:6: note: declared here
 void set_led(led_name_t led_number, unsigned int value);
      ^~~~~~~
make: *** [../e-puck2_main-processor/ChibiOS//os/common/ports/ARMCMx/compilers/GCC/rules.mk:217: build/obj/main.o] Error 1
"make all" terminated with exit code 2. Build might be incomplete.
11:12:11 **** Incremental Build of configuration Default for project epuck1l ****
make all 
[1;34mCompiling main.c[0m
[1;34mLinking build/Project_template.elf[0m
[1;34mCreating build/Project_template.hex[0m
[1;34mCreating build/Project_template.bin[0m
[1;34mCreating build/Project_template.dmp[0m

   text	   data	    bss	    dec	    hex	filename
  62404	   3068	  16876	  82348	  141ac	build/Project_template.elf
[1;34mCreating build/Project_template.list[0m

[1;34mDone[0m
11:13:21 **** Incremental Build of configuration Default for project epuck1l ****
make all 
[1;34mCompiling main.c[0m
[1;34mLinking build/Project_template.elf[0m
[1;34mCreating build/Project_template.hex[0m
[1;34mCreating build/Project_template.bin[0m
[1;34mCreating build/Project_template.dmp[0m

   text	   data	    bss	    dec	    hex	filename
  62356	   3068	  16876	  82300	  1417c	build/Project_template.elf
[1;34mCreating build/Project_template.list[0m

[1;34mDone[0m
11:15:31 **** Incremental Build of configuration Default for project epuck1l ****
make all 
[1;34mCompiling main.c[0m
[1;34mLinking build/Project_template.elf[0m
[1;34mCreating build/Project_template.hex[0m
[1;34mCreating build/Project_template.bin[0m
[1;34mCreating build/Project_template.dmp[0m

   text	   data	    bss	    dec	    hex	filename
  62500	   3068	  16876	  82444	  1420c	build/Project_template.elf
[1;34mCreating build/Project_template.list[0m

[1;34mDone[0m
11:16:41 **** Incremental Build of configuration Default for project epuck1l ****
make all 
[1;34mCompiling main.c[0m
[1;34mLinking build/Project_template.elf[0m
[1;34mCreating build/Project_template.hex[0m
[1;34mCreating build/Project_template.bin[0m
[1;34mCreating build/Project_template.dmp[0m

   text	   data	    bss	    dec	    hex	filename
  62516	   3068	  16876	  82460	  1421c	build/Project_template.elf
[1;34mCreating build/Project_template.list[0m

[1;34mDone[0m
11:16:46 **** Incremental Build of configuration Default for project epuck1l ****
make all 
make: Nothing to be done for 'all'.
11:17:58 **** Incremental Build of configuration Default for project epuck1l ****
make all 
[1;34mCompiling main.c[0m
[1;34mLinking build/Project_template.elf[0m
[1;34mCreating build/Project_template.hex[0m
[1;34mCreating build/Project_template.bin[0m
[1;34mCreating build/Project_template.dmp[0m

   text	   data	    bss	    dec	    hex	filename
  62532	   3068	  16876	  82476	  1422c	build/Project_template.elf
[1;34mCreating build/Project_template.list[0m

[1;34mDone[0m
11:18:01 **** Incremental Build of configuration Default for project epuck1l ****
make all 
make: Nothing to be done for 'all'.
11:19:05 **** Incremental Build of configuration Default for project epuck1l ****
make all 
[1;34mCompiling main.c[0m
[1;34mLinking build/Project_template.elf[0m
[1;34mCreating build/Project_template.hex[0m
[1;34mCreating build/Project_template.bin[0m
[1;34mCreating build/Project_template.dmp[0m

   text	   data	    bss	    dec	    hex	filename
  62532	   3068	  16876	  82476	  1422c	build/Project_template.elf
[1;34mCreating build/Project_template.list[0m

[1;34mDone[0m
11:20:46 **** Incremental Build of configuration Default for project epuck1l ****
make all 
[1;34mCompiling main.c[0m
[1;34mLinking build/Project_template.elf[0m
[1;34mCreating build/Project_template.hex[0m
[1;34mCreating build/Project_template.bin[0m
[1;34mCreating build/Project_template.dmp[0m

   text	   data	    bss	    dec	    hex	filename
  62564	   3068	  16876	  82508	  1424c	build/Project_template.elf
[1;34mCreating build/Project_template.list[0m

[1;34mDone[0m
11:20:49 **** Incremental Build of configuration Default for project epuck1l ****
make all 
make: Nothing to be done for 'all'.
11:22:06 **** Incremental Build of configuration Default for project epuck1l ****
make all 
[1;34mCompiling main.c[0m
[1;34mLinking build/Project_template.elf[0m
[1;34mCreating build/Project_template.hex[0m
[1;34mCreating build/Project_template.bin[0m
[1;34mCreating build/Project_template.dmp[0m

   text	   data	    bss	    dec	    hex	filename
  62564	   3068	  16876	  82508	  1424c	build/Project_template.elf
[1;34mCreating build/Project_template.list[0m

[1;34mDone[0m
11:22:15 **** Incremental Build of configuration Default for project epuck1l ****
make all 
make: Nothing to be done for 'all'.
11:23:38 **** Incremental Build of configuration Default for project epuck1l ****
make all 
[1;34mCompiling main.c[0m
[1;34mLinking build/Project_template.elf[0m
[1;34mCreating build/Project_template.hex[0m
[1;34mCreating build/Project_template.bin[0m
[1;34mCreating build/Project_template.dmp[0m

   text	   data	    bss	    dec	    hex	filename
  62564	   3068	  16876	  82508	  1424c	build/Project_template.elf
[1;34mCreating build/Project_template.list[0m

[1;34mDone[0m
11:23:43 **** Incremental Build of configuration Default for project epuck1l ****
make all 
make: Nothing to be done for 'all'.
11:25:32 **** Incremental Build of configuration Default for project epuck1l ****
make all 
[1;34mCompiling main.c[0m
[1;34mLinking build/Project_template.elf[0m
[1;34mCreating build/Project_template.hex[0m
[1;34mCreating build/Project_template.bin[0m
[1;34mCreating build/Project_template.dmp[0m

   text	   data	    bss	    dec	    hex	filename
  62564	   3068	  16876	  82508	  1424c	build/Project_template.elf
[1;34mCreating build/Project_template.list[0m

[1;34mDone[0m
11:25:36 **** Incremental Build of configuration Default for project epuck1l ****
make all 
make: Nothing to be done for 'all'.
11:31:34 **** Incremental Build of configuration Default for project epuck1l ****
make all 
[1;34mCompiling main.c[0m
[1;34mLinking build/Project_template.elf[0m
[1;34mCreating build/Project_template.hex[0m
[1;34mCreating build/Project_template.bin[0m
[1;34mCreating build/Project_template.dmp[0m

   text	   data	    bss	    dec	    hex	filename
  62612	   3068	  16876	  82556	  1427c	build/Project_template.elf
[1;34mCreating build/Project_template.list[0m

[1;34mDone[0m
11:31:37 **** Incremental Build of configuration Default for project epuck1l ****
make all 
make: Nothing to be done for 'all'.
11:34:13 **** Incremental Build of configuration Default for project epuck1l ****
make all 
[1;34mCompiling main.c[0m
[1;34mLinking build/Project_template.elf[0m
[1;34mCreating build/Project_template.hex[0m
[1;34mCreating build/Project_template.bin[0m
[1;34mCreating build/Project_template.dmp[0m

   text	   data	    bss	    dec	    hex	filename
  62580	   3068	  16876	  82524	  1425c	build/Project_template.elf
[1;34mCreating build/Project_template.list[0m

[1;34mDone[0m
11:34:15 **** Incremental Build of configuration Default for project epuck1l ****
make all 
make: Nothing to be done for 'all'.
11:34:19 **** Incremental Build of configuration Default for project epuck1l ****
make all 
make: Nothing to be done for 'all'.
11:36:23 **** Incremental Build of configuration Default for project epuck1l ****
make all 
[1;34mCompiling main.c[0m
[1;34mLinking build/Project_template.elf[0m
[1;34mCreating build/Project_template.hex[0m
[1;34mCreating build/Project_template.bin[0m
[1;34mCreating build/Project_template.dmp[0m

   text	   data	    bss	    dec	    hex	filename
  62580	   3068	  16876	  82524	  1425c	build/Project_template.elf
[1;34mCreating build/Project_template.list[0m

[1;34mDone[0m
11:36:26 **** Incremental Build of configuration Default for project epuck1l ****
make all 
make: Nothing to be done for 'all'.
11:37:32 **** Incremental Build of configuration Default for project epuck1l ****
make all 
[1;34mCompiling main.c[0m
[1;34mLinking build/Project_template.elf[0m
[1;34mCreating build/Project_template.hex[0m
[1;34mCreating build/Project_template.bin[0m
[1;34mCreating build/Project_template.dmp[0m

   text	   data	    bss	    dec	    hex	filename
  62596	   3068	  16876	  82540	  1426c	build/Project_template.elf
[1;34mCreating build/Project_template.list[0m

[1;34mDone[0m
11:37:37 **** Incremental Build of configuration Default for project epuck1l ****
make all 
make: Nothing to be done for 'all'.
11:38:54 **** Incremental Build of configuration Default for project epuck1l ****
make all 
[1;34mCompiling main.c[0m
[1;34mLinking build/Project_template.elf[0m
[1;34mCreating build/Project_template.hex[0m
[1;34mCreating build/Project_template.bin[0m
[1;34mCreating build/Project_template.dmp[0m

   text	   data	    bss	    dec	    hex	filename
  62596	   3068	  16876	  82540	  1426c	build/Project_template.elf
[1;34mCreating build/Project_template.list[0m

[1;34mDone[0m
11:38:59 **** Incremental Build of configuration Default for project epuck1l ****
make all 
make: Nothing to be done for 'all'.
11:40:34 **** Incremental Build of configuration Default for project epuck1l ****
make all 
[1;34mCompiling main.c[0m
[1;34mLinking build/Project_template.elf[0m
[1;34mCreating build/Project_template.hex[0m
[1;34mCreating build/Project_template.bin[0m
[1;34mCreating build/Project_template.dmp[0m

   text	   data	    bss	    dec	    hex	filename
  62596	   3068	  16876	  82540	  1426c	build/Project_template.elf
[1;34mCreating build/Project_template.list[0m

[1;34mDone[0m
11:40:38 **** Incremental Build of configuration Default for project epuck1l ****
make all 
make: Nothing to be done for 'all'.
11:41:04 **** Incremental Build of configuration Default for project epuck1l ****
make all 
[1;34mCompiling main.c[0m
[1;34mLinking build/Project_template.elf[0m
[1;34mCreating build/Project_template.hex[0m
[1;34mCreating build/Project_template.bin[0m
[1;34mCreating build/Project_template.dmp[0m

   text	   data	    bss	    dec	    hex	filename
  62580	   3068	  16876	  82524	  1425c	build/Project_template.elf
[1;34mCreating build/Project_template.list[0m

[1;34mDone[0m
11:42:53 **** Incremental Build of configuration Default for project epuck1l ****
make all 
[1;34mCompiling main.c[0m
[1;34mLinking build/Project_template.elf[0m
[1;34mCreating build/Project_template.hex[0m
[1;34mCreating build/Project_template.bin[0m
[1;34mCreating build/Project_template.dmp[0m

   text	   data	    bss	    dec	    hex	filename
  62580	   3068	  16876	  82524	  1425c	build/Project_template.elf
[1;34mCreating build/Project_template.list[0m

[1;34mDone[0m
11:42:56 **** Incremental Build of configuration Default for project epuck1l ****
make all 
make: Nothing to be done for 'all'.
11:44:04 **** Incremental Build of configuration Default for project epuck1l ****
make all 
[1;34mCompiling main.c[0m
[1;34mLinking build/Project_template.elf[0m
[1;34mCreating build/Project_template.hex[0m
[1;34mCreating build/Project_template.bin[0m
[1;34mCreating build/Project_template.dmp[0m

   text	   data	    bss	    dec	    hex	filename
  62580	   3068	  16876	  82524	  1425c	build/Project_template.elf
[1;34mCreating build/Project_template.list[0m

[1;34mDone[0m
11:44:08 **** Incremental Build of configuration Default for project epuck1l ****
make all 
make: Nothing to be done for 'all'.
11:44:15 **** Incremental Build of configuration Default for project epuck1l ****
make all 
make: Nothing to be done for 'all'.
11:44:29 **** Incremental Build of configuration Default for project epuck1l ****
make all 
make: Nothing to be done for 'all'.
